<?xml version="1.0" encoding="UTF-8"?>
<!-- Generated by org.testng.reporters.JUnitReportReporter -->
<testsuite hostname="Brownie" failures="0" tests="1" name="com.actitime.generic.Demo" time="0.011" errors="0" timestamp="2023-04-15T13:05:34 IST" skipped="0">
  <testcase classname="com.actitime.generic.Demo" name="testDemo" time="0.011"/>
  <system-out>
    <![CDATA[Welcome to Testing]]>
  </system-out>
</testsuite> <!-- com.actitime.generic.Demo -->
