<?xml version="1.0" encoding="UTF-8"?>
<!-- Generated by org.testng.reporters.JUnitReportReporter -->
<testsuite hostname="Brownie" failures="0" tests="7" name="com.actitime.testscript.CustomerModule" time="33.674" errors="0" timestamp="2023-04-15T13:12:55 IST" skipped="0">
  <testcase classname="com.actitime.testscript.CustomerModule" name="registerCustomer" time="4.366"/>
  <system-out>
    <![CDATA[registerCustomer]]>
  </system-out>
  <testcase classname="com.actitime.testscript.CustomerModule" name="deleteCustomer" time="4.393"/>
  <system-out>
    <![CDATA[deleteCustomer]]>
  </system-out>
  <testcase classname="com.actitime.testscript.CustomerModule" name="editCustomer" time="4.592"/>
  <system-out>
    <![CDATA[editeCustomer]]>
  </system-out>
  <testcase classname="com.actitime.testscript.CustomerModule" name="editCustomer" time="6.265"/>
  <system-out>
    <![CDATA[editeCustomer]]>
  </system-out>
  <testcase classname="com.actitime.testscript.CustomerModule" name="createCustomer" time="4.499"/>
  <system-out>
    <![CDATA[createCustomer]]>
  </system-out>
  <testcase classname="com.actitime.testscript.CustomerModule" name="modifyTask" time="4.801"/>
  <system-out>
    <![CDATA[ModifyTask]]>
  </system-out>
  <testcase classname="com.actitime.testscript.CustomerModule" name="modifyCustomer" time="4.758"/>
  <system-out>
    <![CDATA[modifyCustomer]]>
  </system-out>
</testsuite> <!-- com.actitime.testscript.CustomerModule -->
